<?xml version="1.0" encoding="UTF-8"?>
<!-- Generated by org.testng.reporters.JUnitReportReporter -->
<testsuite hostname="LAPTOP-GJCB745R" failures="0" tests="2" name="test.ZerodhaSearchTest" time="11.731" errors="0" timestamp="2022-07-06T12:32:00 IST" skipped="1">
  <testcase classname="test.ZerodhaSearchTest" name="searchByDropdownList" time="11.731"/>
  <system-out/>
  <testcase classname="test.ZerodhaSearchTest" name="searchShareAndClickOnBuy">
    <skipped/>
  </testcase> <!-- searchShareAndClickOnBuy -->
  <system-out/>
</testsuite> <!-- test.ZerodhaSearchTest -->
