<?xml version="1.0" encoding="UTF-8"?>
<!-- Generated by org.testng.reporters.JUnitReportReporter -->
<testsuite hostname="LAPTOP-GJCB745R" failures="0" tests="1" name="test.ZerodhaSignupPageTest" time="10.939" errors="0" timestamp="2022-07-06T12:32:00 IST" skipped="0">
  <testcase classname="test.ZerodhaSignupPageTest" name="signUpPageTest" time="10.939"/>
  <system-out/>
</testsuite> <!-- test.ZerodhaSignupPageTest -->
